DEBUG [2018-04-13 11:41:49] R version 3.3.3 (2017-03-06)
DEBUG [2018-04-13 11:41:49] Platform: x86_64-apple-darwin13.4.0 (64-bit)
DEBUG [2018-04-13 11:41:49] Running under: macOS Sierra 10.12.6
DEBUG [2018-04-13 11:41:49] 
DEBUG [2018-04-13 11:41:49] locale:
DEBUG [2018-04-13 11:41:49] [1] en_US.UTF-8/en_US.UTF-8/en_US.UTF-8/C/en_US.UTF-8/en_US.UTF-8
DEBUG [2018-04-13 11:41:49] 
DEBUG [2018-04-13 11:41:49] attached base packages:
DEBUG [2018-04-13 11:41:49] [1] stats     graphics  grDevices utils     datasets  methods   base     
DEBUG [2018-04-13 11:41:49] 
DEBUG [2018-04-13 11:41:49] other attached packages:
DEBUG [2018-04-13 11:41:49]  [1] bindrcpp_0.2             PWFSLSmoke_1.0.19        MazamaSpatialUtils_0.5.3 sp_1.2-6                 maps_3.2.0               dplyr_0.7.4             
DEBUG [2018-04-13 11:41:49]  [7] digest_0.6.12            readr_1.1.1              MazamaWebUtils_0.1.5     jug_0.1.7.901            magrittr_1.5            
DEBUG [2018-04-13 11:41:49] 
DEBUG [2018-04-13 11:41:49] loaded via a namespace (and not attached):
DEBUG [2018-04-13 11:41:49]  [1] Rcpp_0.12.14         bindr_0.1            hms_0.3              lattice_0.20-34      R6_2.2.2             rlang_0.1.2          tools_3.3.3         
DEBUG [2018-04-13 11:41:49]  [8] rgdal_1.2-16         grid_3.3.3           lambda.r_1.1.9       futile.logger_1.4.3  assertthat_0.2.0     tibble_1.3.4         mapproj_1.2-5       
DEBUG [2018-04-13 11:41:49] [15] base64enc_0.1-3      futile.options_1.0.0 glue_1.1.1           pkgconfig_2.0.1     
DEBUG [2018-04-13 11:41:49] JUG_HOST = 127.0.0.1
DEBUG [2018-04-13 11:41:49] JUG_PORT = 8080
DEBUG [2018-04-13 11:41:49] SERVICE_PATH = monitor-custom/dev
DEBUG [2018-04-13 11:41:49] CACHE_DIR = output
DEBUG [2018-04-13 11:41:49] CACHE_SIZE = 3
DEBUG [2018-04-13 11:41:49] LOG_DIR = /Users/jonathan/Projects/PWFSL/monitoring-custom-service/monitor-custom/logs
INFO [2018-04-13 11:42:06] ----- monitor-custom/dev -----
INFO [2018-04-13 11:42:06] ----- createAPIList() -----
INFO [2018-04-13 11:42:28] ----- monitor-custom/dev/plot -----
INFO [2018-04-13 11:42:28] ----- createInfoList() -----
DEBUG [2018-04-13 11:42:28] req$params
DEBUG [2018-04-13 11:42:28] List of 1
DEBUG [2018-04-13 11:42:28]  $ plottype: chr "aqilegendadvice"
DEBUG [2018-04-13 11:42:28] 0 graphics devices currently open
INFO [2018-04-13 11:42:28] generating aqilegendadvice
INFO [2018-04-13 11:42:28] ----- AQILegendAdvice() -----
DEBUG [2018-04-13 11:42:28] closing 0 graphics devices
ERROR [2018-04-13 11:42:28] Error in dev.off() : 
  QuartzBitmap_Output - unable to open file 'output/8d725b2ce3623ad78794c9f945dde411.png'
INFO [2018-04-13 11:42:59] ----- monitor-custom/dev/plot -----
INFO [2018-04-13 11:42:59] ----- createInfoList() -----
DEBUG [2018-04-13 11:42:59] req$params
DEBUG [2018-04-13 11:42:59] List of 1
DEBUG [2018-04-13 11:42:59]  $ plottype: chr "aqilegendadvice"
DEBUG [2018-04-13 11:42:59] 0 graphics devices currently open
INFO [2018-04-13 11:42:59] generating aqilegendadvice
INFO [2018-04-13 11:42:59] ----- AQILegendAdvice() -----
DEBUG [2018-04-13 11:42:59] writing output/8d725b2ce3623ad78794c9f945dde411.json
INFO [2018-04-13 11:42:59] successfully created output/8d725b2ce3623ad78794c9f945dde411.png
INFO [2018-04-13 11:42:59] successfully created output/8d725b2ce3623ad78794c9f945dde411.json
INFO [2018-04-13 11:43:06] ----- monitor-custom/dev/plot -----
INFO [2018-04-13 11:43:06] ----- createInfoList() -----
DEBUG [2018-04-13 11:43:06] req$params
DEBUG [2018-04-13 11:43:06] List of 1
DEBUG [2018-04-13 11:43:06]  $ plottype: chr "aqilegend"
DEBUG [2018-04-13 11:43:06] 0 graphics devices currently open
INFO [2018-04-13 11:43:06] generating aqilegend
INFO [2018-04-13 11:43:06] ----- AQILegendPlot() -----
DEBUG [2018-04-13 11:43:06] writing output/e20e0b918ea07cfd5dbcea68afc31071.json
INFO [2018-04-13 11:43:06] successfully created output/e20e0b918ea07cfd5dbcea68afc31071.png
INFO [2018-04-13 11:43:06] successfully created output/e20e0b918ea07cfd5dbcea68afc31071.json
