INFO [2018-04-13 11:42:06] ----- monitor-custom/dev -----
INFO [2018-04-13 11:42:06] ----- createAPIList() -----
INFO [2018-04-13 11:42:28] ----- monitor-custom/dev/plot -----
INFO [2018-04-13 11:42:28] ----- createInfoList() -----
INFO [2018-04-13 11:42:28] generating aqilegendadvice
INFO [2018-04-13 11:42:28] ----- AQILegendAdvice() -----
ERROR [2018-04-13 11:42:28] Error in dev.off() : 
  QuartzBitmap_Output - unable to open file 'output/8d725b2ce3623ad78794c9f945dde411.png'
INFO [2018-04-13 11:42:59] ----- monitor-custom/dev/plot -----
INFO [2018-04-13 11:42:59] ----- createInfoList() -----
INFO [2018-04-13 11:42:59] generating aqilegendadvice
INFO [2018-04-13 11:42:59] ----- AQILegendAdvice() -----
INFO [2018-04-13 11:42:59] successfully created output/8d725b2ce3623ad78794c9f945dde411.png
INFO [2018-04-13 11:42:59] successfully created output/8d725b2ce3623ad78794c9f945dde411.json
INFO [2018-04-13 11:43:06] ----- monitor-custom/dev/plot -----
INFO [2018-04-13 11:43:06] ----- createInfoList() -----
INFO [2018-04-13 11:43:06] generating aqilegend
INFO [2018-04-13 11:43:06] ----- AQILegendPlot() -----
INFO [2018-04-13 11:43:06] successfully created output/e20e0b918ea07cfd5dbcea68afc31071.png
INFO [2018-04-13 11:43:06] successfully created output/e20e0b918ea07cfd5dbcea68afc31071.json
